<?xml version="1.0" encoding="UTF-8"?>
<!-- Generated by org.testng.reporters.JUnitReportReporter -->
<testsuite hostname="DESKTOP-H75GT5C" failures="0" tests="1" name="SolutionsScripts.ConsultingValidation" time="47.350" errors="0" timestamp="2025-03-07T13:58:43 IST" skipped="0">
  <testcase classname="SolutionsScripts.ConsultingValidation" name="informArchValidation" time="47.350"/>
  <system-out>
    <![CDATA[🟢 Executing Test: informArchValidation
Consulting  is navigating to correct page
Read more button of information architecture navigated to its destination
Read more button of content migration is navigated to its destination
Read more button of content strategy navigated to its destination
Read more button of staff augmentation is navigated to its destination
✅ Test Passed: informArchValidation]]>
  </system-out>
</testsuite> <!-- SolutionsScripts.ConsultingValidation -->
