<?xml version="1.0" encoding="UTF-8"?>
<!-- Generated by org.testng.reporters.JUnitReportReporter -->
<testsuite hostname="DESKTOP-H75GT5C" failures="0" tests="2" name="aboutUsScripts.AboutUsBlogsValidation" time="56.468" errors="0" timestamp="2025-03-07T15:39:40 IST" skipped="1">
  <testcase classname="aboutUsScripts.AboutUsBlogsValidation" name="postCategoriesValidation" time="56.468"/>
  <system-out>
    <![CDATA[🟢 Executing Test: postCategoriesValidation
Blog is navigated to correct page
✅ Test Passed: postCategoriesValidation]]>
  </system-out>
  <testcase classname="aboutUsScripts.AboutUsBlogsValidation" name="blogsValidation">
    <skipped/>
  </testcase> <!-- blogsValidation -->
  <system-out/>
</testsuite> <!-- aboutUsScripts.AboutUsBlogsValidation -->
