<?xml version="1.0" encoding="UTF-8"?>
<!-- Generated by org.testng.reporters.JUnitReportReporter -->
<testsuite hostname="DESKTOP-H75GT5C" failures="0" tests="1" name="SolutionsScripts.TechPublicationValidation" time="149.662" errors="0" timestamp="2025-03-06T16:51:33 IST" skipped="0">
  <testcase classname="SolutionsScripts.TechPublicationValidation" name="techPublicationValidation1" time="149.662"/>
  <system-out>
    <![CDATA[🟢 Executing Test: techPublicationValidation1
Technical publication is navigated to correct page
Content Analysis is showing the right content
Topic based authoring is showing the right content
Element Definition is showing the right content
Content Reuse is showing the right content
Content Audit is showing the right content
Content Management is showing the right content
Content Structuring is showing the right content
Content Optimization is showing the right content
Content Compatibility is showing the right content
Content Tuning is showing the right content
Content Transformation is showing the right content
Unified Authoring is showing the right content
Migration Analysis is showing the right content
Information Distribution is showing the right content
Content Cleanup is showing the right content
Output Distribution is showing the right content
✅ Test Passed: techPublicationValidation1]]>
  </system-out>
</testsuite> <!-- SolutionsScripts.TechPublicationValidation -->
