<?xml version="1.0" encoding="UTF-8"?>
<!-- Generated by org.testng.reporters.JUnitReportReporter -->
<testsuite hostname="DESKTOP-H75GT5C" failures="0" tests="1" name="SolutionsScripts.SoftEngValidation" time="83.505" errors="0" timestamp="2025-03-06T16:25:11 IST" skipped="0">
  <testcase classname="SolutionsScripts.SoftEngValidation" name="softEngValidation1" time="83.505"/>
  <system-out>
    <![CDATA[🟢 Executing Test: softEngValidation1
Software engineering navigated to correct page
MetR is showing the right content
LearnOL is showing the right content
Web Applications is showing the right content
Custom Software is showing the right content
Application Development is showing the right content
Platform Evaluation is showing the right content
Application Deployment is showing the right content
Service Delivery is showing the right content
User Interface is showing the right content
Business Logic is showing the right content
API Management is showing the right content
Database is showing the right content
Strategic Planning is showing the right content
Document Management is showing the right content
Project Collaboration is showing the right content
Knowledge Management is showing the right content
✅ Test Passed: softEngValidation1]]>
  </system-out>
</testsuite> <!-- SolutionsScripts.SoftEngValidation -->
