<?xml version="1.0" encoding="UTF-8"?>
<!-- Generated by org.testng.reporters.JUnitXMLReporter -->
<testsuite ignored="2" hostname="DESKTOP-MO2FLHL" failures="0" tests="1" name="Default test" time="56.544" errors="0" timestamp="2025-02-18T16:23:01 IST">
  <testcase classname="homeScripts.FooterModuleNavigation" name="footerModuleValidation" time="36.703"/>
  <testcase classname="homeScripts.FooterModuleNavigation" name="socialLinksNavigation" time="0.0">
    <ignored/>
  </testcase> <!-- socialLinksNavigation -->
  <testcase classname="homeScripts.FooterModuleNavigation" name="quickLinkNavigation" time="0.0">
    <ignored/>
  </testcase> <!-- quickLinkNavigation -->
</testsuite> <!-- Default test -->
