<?xml version="1.0" encoding="UTF-8"?>
<testng-results ignored="0" total="1" passed="1" failed="0" skipped="0">
  <reporter-output>
    <line>
      <![CDATA[aboutUsCareerValidation is executing]]>
    </line>
    <line>
      <![CDATA[Career is navigated to the correct page]]>
    </line>
    <line>
      <![CDATA[Apply now is redirecting to correct page]]>
    </line>
    <line>
      <![CDATA[Bottom apply now button is redirecting to correct page]]>
    </line>
  </reporter-output>
  <suite started-at="2025-02-14T17:35:59 IST" name="Default suite" finished-at="2025-02-14T17:36:26 IST" duration-ms="26664">
    <groups>
    </groups>
    <test started-at="2025-02-14T17:35:59 IST" name="Default test" finished-at="2025-02-14T17:36:26 IST" duration-ms="26664">
      <class name="aboutUsScripts.AboutUsCareersValidation">
        <test-method is-config="true" signature="preCondition()[pri:0, instance:aboutUsScripts.AboutUsCareersValidation@3270d194]" started-at="2025-02-14T17:35:59 IST" name="preCondition" finished-at="2025-02-14T17:36:20 IST" duration-ms="20985" status="PASS">
          <reporter-output>
          </reporter-output>
        </test-method> <!-- preCondition -->
        <test-method signature="aboutUsCareerValidation()[pri:0, instance:aboutUsScripts.AboutUsCareersValidation@3270d194]" started-at="2025-02-14T17:36:20 IST" name="aboutUsCareerValidation" finished-at="2025-02-14T17:36:26 IST" duration-ms="5291" status="PASS">
          <reporter-output>
            <line>
              <![CDATA[aboutUsCareerValidation is executing]]>
            </line>
            <line>
              <![CDATA[Career is navigated to the correct page]]>
            </line>
            <line>
              <![CDATA[Apply now is redirecting to correct page]]>
            </line>
            <line>
              <![CDATA[Bottom apply now button is redirecting to correct page]]>
            </line>
          </reporter-output>
        </test-method> <!-- aboutUsCareerValidation -->
      </class> <!-- aboutUsScripts.AboutUsCareersValidation -->
    </test> <!-- Default test -->
  </suite> <!-- Default suite -->
</testng-results>
