<?xml version="1.0" encoding="UTF-8"?>
<testng-results ignored="0" total="1" passed="1" failed="0" skipped="0">
  <reporter-output>
  </reporter-output>
  <suite started-at="2025-02-13T16:32:26 IST" name="Default suite" finished-at="2025-02-13T16:33:14 IST" duration-ms="48067">
    <groups>
    </groups>
    <test started-at="2025-02-13T16:32:26 IST" name="Default test" finished-at="2025-02-13T16:33:14 IST" duration-ms="48067">
      <class name="contactUsScripts.ContactUsFormValidation">
        <test-method is-config="true" signature="preCondition()[pri:0, instance:contactUsScripts.ContactUsFormValidation@47eaca72]" started-at="2025-02-13T16:32:26 IST" name="preCondition" finished-at="2025-02-13T16:32:43 IST" duration-ms="16334" status="PASS">
          <reporter-output>
          </reporter-output>
        </test-method> <!-- preCondition -->
        <test-method signature="formValidation()[pri:0, instance:contactUsScripts.ContactUsFormValidation@47eaca72]" started-at="2025-02-13T16:32:43 IST" name="formValidation" finished-at="2025-02-13T16:33:14 IST" duration-ms="31686" status="PASS">
          <reporter-output>
          </reporter-output>
        </test-method> <!-- formValidation -->
      </class> <!-- contactUsScripts.ContactUsFormValidation -->
    </test> <!-- Default test -->
  </suite> <!-- Default suite -->
</testng-results>
