<?xml version="1.0" encoding="UTF-8"?>
<!-- Generated by org.testng.reporters.JUnitXMLReporter -->
<testsuite ignored="2" hostname="DESKTOP-H75GT5C" failures="0" tests="0" time="0.211" errors="0" timestamp="2025-03-07T15:52:36 IST">
  <testcase classname="aboutUsScripts.AboutUsBlogsValidation" name="blogsValidation" time="0.0">
    <ignored/>
  </testcase> <!-- blogsValidation -->
  <testcase classname="aboutUsScripts.AboutUsBlogsValidation" name="postCategoriesValidation" time="0.0">
    <ignored/>
  </testcase> <!-- postCategoriesValidation -->
</testsuite>
